
*** Running vivado
    with args -log memorySystemFPGA.vds -m64 -product Vivado -mode batch -messageDb vivado.pb -notrace -source memorySystemFPGA.tcl



****** Vivado v2020.1 (64-bit)
  **** SW Build 2902540 on Wed May 27 19:54:49 MDT 2020
  **** IP Build 2902112 on Wed May 27 22:43:36 MDT 2020
    ** Copyright 1986-2020 Xilinx, Inc. All Rights Reserved.

source memorySystemFPGA.tcl -notrace
Command: synth_design -top memorySystemFPGA -part xc7a35tcpg236-1
Starting synth_design
Attempting to get a license for feature 'Synthesis' and/or device 'xc7a35t'
INFO: [Common 17-349] Got license for feature 'Synthesis' and/or device 'xc7a35t'
INFO: [Device 21-403] Loading part xc7a35tcpg236-1
INFO: [Synth 8-7079] Multithreading enabled for synth_design using a maximum of 2 processes.
INFO: [Synth 8-7078] Launching helper process for spawning children vivado processes
INFO: [Synth 8-7075] Helper process launched with PID 19528
---------------------------------------------------------------------------------
Starting RTL Elaboration : Time (s): cpu = 00:00:06 ; elapsed = 00:00:07 . Memory (MB): peak = 1025.090 ; gain = 0.000
---------------------------------------------------------------------------------
INFO: [Synth 8-6157] synthesizing module 'memorySystemFPGA' [C:/Users/Administrator/Desktop/CAlab/project_ca_lab_6/project_ca_lab_6.srcs/sources_1/new/memorySystemFPGA.v:137]
	Parameter IDLE bound to: 0 - type: integer 
	Parameter READ_SWITCHES bound to: 1 - type: integer 
	Parameter WRITE_DATAMEM bound to: 2 - type: integer 
	Parameter READ_DATAMEM bound to: 3 - type: integer 
	Parameter WRITE_LED bound to: 4 - type: integer 
INFO: [Synth 8-6157] synthesizing module 'addressDecoderTop' [C:/Users/Administrator/Desktop/CAlab/project_ca_lab_6/project_ca_lab_6.srcs/sources_1/new/addressDecoderTop.v:3]
INFO: [Synth 8-6157] synthesizing module 'addressDecoder' [C:/Users/Administrator/Desktop/CAlab/project_ca_lab_6/project_ca_lab_6.srcs/sources_1/new/addressDecoder.v:3]
INFO: [Synth 8-6155] done synthesizing module 'addressDecoder' (1#1) [C:/Users/Administrator/Desktop/CAlab/project_ca_lab_6/project_ca_lab_6.srcs/sources_1/new/addressDecoder.v:3]
INFO: [Synth 8-6157] synthesizing module 'dataMemory' [C:/Users/Administrator/Desktop/CAlab/project_ca_lab_6/project_ca_lab_6.srcs/sources_1/new/dataMemory.v:3]
INFO: [Synth 8-6155] done synthesizing module 'dataMemory' (2#1) [C:/Users/Administrator/Desktop/CAlab/project_ca_lab_6/project_ca_lab_6.srcs/sources_1/new/dataMemory.v:3]
INFO: [Synth 8-6157] synthesizing module 'leds' [C:/Users/Administrator/Desktop/CAlab/project_ca_lab_6/project_ca_lab_6.srcs/sources_1/new/leds.v:29]
INFO: [Synth 8-6155] done synthesizing module 'leds' (3#1) [C:/Users/Administrator/Desktop/CAlab/project_ca_lab_6/project_ca_lab_6.srcs/sources_1/new/leds.v:29]
INFO: [Synth 8-6157] synthesizing module 'switches' [C:/Users/Administrator/Desktop/CAlab/project_ca_lab_6/project_ca_lab_6.srcs/sources_1/new/switches.v:23]
INFO: [Synth 8-6155] done synthesizing module 'switches' (4#1) [C:/Users/Administrator/Desktop/CAlab/project_ca_lab_6/project_ca_lab_6.srcs/sources_1/new/switches.v:23]
INFO: [Synth 8-6155] done synthesizing module 'addressDecoderTop' (5#1) [C:/Users/Administrator/Desktop/CAlab/project_ca_lab_6/project_ca_lab_6.srcs/sources_1/new/addressDecoderTop.v:3]
INFO: [Synth 8-155] case statement is not full and has no default [C:/Users/Administrator/Desktop/CAlab/project_ca_lab_6/project_ca_lab_6.srcs/sources_1/new/memorySystemFPGA.v:214]
INFO: [Synth 8-6155] done synthesizing module 'memorySystemFPGA' (6#1) [C:/Users/Administrator/Desktop/CAlab/project_ca_lab_6/project_ca_lab_6.srcs/sources_1/new/memorySystemFPGA.v:137]
---------------------------------------------------------------------------------
Finished RTL Elaboration : Time (s): cpu = 00:00:07 ; elapsed = 00:00:08 . Memory (MB): peak = 1025.090 ; gain = 0.000
---------------------------------------------------------------------------------
---------------------------------------------------------------------------------
Start Handling Custom Attributes
---------------------------------------------------------------------------------
---------------------------------------------------------------------------------
Finished Handling Custom Attributes : Time (s): cpu = 00:00:08 ; elapsed = 00:00:09 . Memory (MB): peak = 1025.090 ; gain = 0.000
---------------------------------------------------------------------------------
---------------------------------------------------------------------------------
Finished RTL Optimization Phase 1 : Time (s): cpu = 00:00:08 ; elapsed = 00:00:09 . Memory (MB): peak = 1025.090 ; gain = 0.000
---------------------------------------------------------------------------------
Netlist sorting complete. Time (s): cpu = 00:00:00 ; elapsed = 00:00:00.006 . Memory (MB): peak = 1025.090 ; gain = 0.000
INFO: [Project 1-570] Preparing netlist for logic optimization

Processing XDC Constraints
Initializing timing engine
Parsing XDC File [C:/Users/Administrator/Desktop/CAlab/project_ca_lab_6/project_ca_lab_6.srcs/constrs_1/new/memorySystemFPGA.xdc]
Finished Parsing XDC File [C:/Users/Administrator/Desktop/CAlab/project_ca_lab_6/project_ca_lab_6.srcs/constrs_1/new/memorySystemFPGA.xdc]
INFO: [Project 1-236] Implementation specific constraints were found while reading constraint file [C:/Users/Administrator/Desktop/CAlab/project_ca_lab_6/project_ca_lab_6.srcs/constrs_1/new/memorySystemFPGA.xdc]. These constraints will be ignored for synthesis but will be used in implementation. Impacted constraints are listed in the file [.Xil/memorySystemFPGA_propImpl.xdc].
Resolution: To avoid this warning, move constraints listed in [.Xil/memorySystemFPGA_propImpl.xdc] to another XDC file and exclude this new file from synthesis with the used_in_synthesis property (File Properties dialog in GUI) and re-run elaboration/synthesis.
Completed Processing XDC Constraints

Netlist sorting complete. Time (s): cpu = 00:00:00 ; elapsed = 00:00:00 . Memory (MB): peak = 1047.301 ; gain = 0.000
INFO: [Project 1-111] Unisim Transformation Summary:
No Unisim elements were transformed.

Constraint Validation Runtime : Time (s): cpu = 00:00:00 ; elapsed = 00:00:00.004 . Memory (MB): peak = 1047.301 ; gain = 0.000
---------------------------------------------------------------------------------
Finished Constraint Validation : Time (s): cpu = 00:00:14 ; elapsed = 00:00:16 . Memory (MB): peak = 1047.301 ; gain = 22.211
---------------------------------------------------------------------------------
---------------------------------------------------------------------------------
Start Loading Part and Timing Information
---------------------------------------------------------------------------------
Loading part: xc7a35tcpg236-1
---------------------------------------------------------------------------------
Finished Loading Part and Timing Information : Time (s): cpu = 00:00:14 ; elapsed = 00:00:16 . Memory (MB): peak = 1047.301 ; gain = 22.211
---------------------------------------------------------------------------------
---------------------------------------------------------------------------------
Start Applying 'set_property' XDC Constraints
---------------------------------------------------------------------------------
---------------------------------------------------------------------------------
Finished applying 'set_property' XDC Constraints : Time (s): cpu = 00:00:14 ; elapsed = 00:00:16 . Memory (MB): peak = 1047.301 ; gain = 22.211
---------------------------------------------------------------------------------
INFO: [Synth 8-802] inferred FSM for state register 'state_reg' in module 'memorySystemFPGA'
---------------------------------------------------------------------------------------------------
                   State |                     New Encoding |                Previous Encoding 
---------------------------------------------------------------------------------------------------
                    IDLE |                            00001 |                              000
           READ_SWITCHES |                            00010 |                              001
           WRITE_DATAMEM |                            00100 |                              010
            READ_DATAMEM |                            01000 |                              011
               WRITE_LED |                            10000 |                              100
---------------------------------------------------------------------------------------------------
INFO: [Synth 8-3354] encoded FSM with state register 'state_reg' using encoding 'one-hot' in module 'memorySystemFPGA'
---------------------------------------------------------------------------------
Finished RTL Optimization Phase 2 : Time (s): cpu = 00:00:15 ; elapsed = 00:00:17 . Memory (MB): peak = 1047.301 ; gain = 22.211
---------------------------------------------------------------------------------
---------------------------------------------------------------------------------
Start RTL Component Statistics 
---------------------------------------------------------------------------------
Detailed RTL Component Info : 
+---Registers : 
	               32 Bit    Registers := 4     
	               16 Bit    Registers := 1     
	                1 Bit    Registers := 2     
+---RAMs : 
	              16K Bit	(512 X 32 bit)          RAMs := 1     
+---Muxes : 
	   3 Input   32 Bit        Muxes := 1     
	   5 Input   32 Bit        Muxes := 1     
	   5 Input    5 Bit        Muxes := 1     
	   4 Input    1 Bit        Muxes := 4     
	   5 Input    1 Bit        Muxes := 5     
---------------------------------------------------------------------------------
Finished RTL Component Statistics 
---------------------------------------------------------------------------------
---------------------------------------------------------------------------------
Start Part Resource Summary
---------------------------------------------------------------------------------
Part Resources:
DSPs: 90 (col length:60)
BRAMs: 100 (col length: RAMB18 60 RAMB36 30)
---------------------------------------------------------------------------------
Finished Part Resource Summary
---------------------------------------------------------------------------------
---------------------------------------------------------------------------------
Start Cross Boundary and Area Optimization
---------------------------------------------------------------------------------
---------------------------------------------------------------------------------
Finished Cross Boundary and Area Optimization : Time (s): cpu = 00:00:16 ; elapsed = 00:00:18 . Memory (MB): peak = 1047.301 ; gain = 22.211
---------------------------------------------------------------------------------
---------------------------------------------------------------------------------
Start ROM, RAM, DSP and Shift Register Reporting
---------------------------------------------------------------------------------

Block RAM: Preliminary Mapping	Report (see note below)
+-----------------+-----------------------+------------------------+---+---+------------------------+---+---+------------------+--------+--------+
|Module Name      | RTL Object            | PORT A (Depth x Width) | W | R | PORT B (Depth x Width) | W | R | Ports driving FF | RAMB18 | RAMB36 | 
+-----------------+-----------------------+------------------------+---+---+------------------------+---+---+------------------+--------+--------+
|memorySystemFPGA | system/mem/memory_reg | 512 x 32(READ_FIRST)   | W | R |                        |   |   | Port A           | 1      | 0      | 
+-----------------+-----------------------+------------------------+---+---+------------------------+---+---+------------------+--------+--------+

Note: The table above is a preliminary report that shows the Block RAMs at the current stage of the synthesis flow. Some Block RAMs may be reimplemented as non Block RAM primitives later in the synthesis flow. Multiple instantiated Block RAMs are reported only once. 
---------------------------------------------------------------------------------
Finished ROM, RAM, DSP and Shift Register Reporting
---------------------------------------------------------------------------------
---------------------------------------------------------------------------------
Start Applying XDC Timing Constraints
---------------------------------------------------------------------------------
---------------------------------------------------------------------------------
Finished Applying XDC Timing Constraints : Time (s): cpu = 00:00:25 ; elapsed = 00:00:28 . Memory (MB): peak = 1047.301 ; gain = 22.211
---------------------------------------------------------------------------------
---------------------------------------------------------------------------------
Start Timing Optimization
---------------------------------------------------------------------------------
---------------------------------------------------------------------------------
Finished Timing Optimization : Time (s): cpu = 00:00:25 ; elapsed = 00:00:28 . Memory (MB): peak = 1047.301 ; gain = 22.211
---------------------------------------------------------------------------------
---------------------------------------------------------------------------------
Start ROM, RAM, DSP and Shift Register Reporting
---------------------------------------------------------------------------------

Block RAM: Final Mapping	Report
+-----------------+-----------------------+------------------------+---+---+------------------------+---+---+------------------+--------+--------+
|Module Name      | RTL Object            | PORT A (Depth x Width) | W | R | PORT B (Depth x Width) | W | R | Ports driving FF | RAMB18 | RAMB36 | 
+-----------------+-----------------------+------------------------+---+---+------------------------+---+---+------------------+--------+--------+
|memorySystemFPGA | system/mem/memory_reg | 512 x 32(READ_FIRST)   | W | R |                        |   |   | Port A           | 1      | 0      | 
+-----------------+-----------------------+------------------------+---+---+------------------------+---+---+------------------+--------+--------+

---------------------------------------------------------------------------------
Finished ROM, RAM, DSP and Shift Register Reporting
---------------------------------------------------------------------------------
---------------------------------------------------------------------------------
Start Technology Mapping
---------------------------------------------------------------------------------
INFO: [Synth 8-7052] The timing for the instance system/mem/memory_reg (implemented as a Block RAM) might be sub-optimal as no optional output register could be merged into the ram block. Providing additional output register may help in improving timing.
INFO: [Synth 8-7052] The timing for the instance system/mem/memory_reg (implemented as a Block RAM) might be sub-optimal as no optional output register could be merged into the ram block. Providing additional output register may help in improving timing.
---------------------------------------------------------------------------------
Finished Technology Mapping : Time (s): cpu = 00:00:25 ; elapsed = 00:00:28 . Memory (MB): peak = 1047.301 ; gain = 22.211
---------------------------------------------------------------------------------
---------------------------------------------------------------------------------
Start IO Insertion
---------------------------------------------------------------------------------
---------------------------------------------------------------------------------
Start Flattening Before IO Insertion
---------------------------------------------------------------------------------
---------------------------------------------------------------------------------
Finished Flattening Before IO Insertion
---------------------------------------------------------------------------------
---------------------------------------------------------------------------------
Start Final Netlist Cleanup
---------------------------------------------------------------------------------
---------------------------------------------------------------------------------
Finished Final Netlist Cleanup
---------------------------------------------------------------------------------
---------------------------------------------------------------------------------
Finished IO Insertion : Time (s): cpu = 00:00:29 ; elapsed = 00:00:32 . Memory (MB): peak = 1047.301 ; gain = 22.211
---------------------------------------------------------------------------------
---------------------------------------------------------------------------------
Start Renaming Generated Instances
---------------------------------------------------------------------------------
---------------------------------------------------------------------------------
Finished Renaming Generated Instances : Time (s): cpu = 00:00:29 ; elapsed = 00:00:32 . Memory (MB): peak = 1047.301 ; gain = 22.211
---------------------------------------------------------------------------------
---------------------------------------------------------------------------------
Start Rebuilding User Hierarchy
---------------------------------------------------------------------------------
---------------------------------------------------------------------------------
Finished Rebuilding User Hierarchy : Time (s): cpu = 00:00:29 ; elapsed = 00:00:32 . Memory (MB): peak = 1047.301 ; gain = 22.211
---------------------------------------------------------------------------------
---------------------------------------------------------------------------------
Start Renaming Generated Ports
---------------------------------------------------------------------------------
---------------------------------------------------------------------------------
Finished Renaming Generated Ports : Time (s): cpu = 00:00:29 ; elapsed = 00:00:32 . Memory (MB): peak = 1047.301 ; gain = 22.211
---------------------------------------------------------------------------------
---------------------------------------------------------------------------------
Start Handling Custom Attributes
---------------------------------------------------------------------------------
---------------------------------------------------------------------------------
Finished Handling Custom Attributes : Time (s): cpu = 00:00:29 ; elapsed = 00:00:32 . Memory (MB): peak = 1047.301 ; gain = 22.211
---------------------------------------------------------------------------------
---------------------------------------------------------------------------------
Start Renaming Generated Nets
---------------------------------------------------------------------------------
---------------------------------------------------------------------------------
Finished Renaming Generated Nets : Time (s): cpu = 00:00:29 ; elapsed = 00:00:32 . Memory (MB): peak = 1047.301 ; gain = 22.211
---------------------------------------------------------------------------------
---------------------------------------------------------------------------------
Start Writing Synthesis Report
---------------------------------------------------------------------------------

Report BlackBoxes: 
+-+--------------+----------+
| |BlackBox name |Instances |
+-+--------------+----------+
+-+--------------+----------+

Report Cell Usage: 
+------+---------+------+
|      |Cell     |Count |
+------+---------+------+
|1     |BUFG     |     2|
|2     |CARRY4   |     7|
|3     |LUT1     |     1|
|4     |LUT2     |    18|
|5     |LUT3     |    20|
|6     |LUT4     |     1|
|7     |LUT5     |     2|
|8     |LUT6     |     3|
|9     |RAMB18E1 |     1|
|10    |FDCE     |    32|
|11    |FDRE     |    67|
|12    |FDSE     |     1|
|13    |IBUF     |    18|
|14    |OBUF     |    16|
+------+---------+------+
---------------------------------------------------------------------------------
Finished Writing Synthesis Report : Time (s): cpu = 00:00:29 ; elapsed = 00:00:32 . Memory (MB): peak = 1047.301 ; gain = 22.211
---------------------------------------------------------------------------------
Synthesis finished with 0 errors, 0 critical warnings and 0 warnings.
Synthesis Optimization Runtime : Time (s): cpu = 00:00:19 ; elapsed = 00:00:29 . Memory (MB): peak = 1047.301 ; gain = 0.000
Synthesis Optimization Complete : Time (s): cpu = 00:00:29 ; elapsed = 00:00:32 . Memory (MB): peak = 1047.301 ; gain = 22.211
INFO: [Project 1-571] Translating synthesized netlist
Netlist sorting complete. Time (s): cpu = 00:00:00 ; elapsed = 00:00:00.003 . Memory (MB): peak = 1048.957 ; gain = 0.000
INFO: [Netlist 29-17] Analyzing 8 Unisim elements for replacement
INFO: [Netlist 29-28] Unisim Transformation completed in 0 CPU seconds
INFO: [Project 1-570] Preparing netlist for logic optimization
INFO: [Opt 31-138] Pushed 0 inverter(s) to 0 load pin(s).
Netlist sorting complete. Time (s): cpu = 00:00:00 ; elapsed = 00:00:00 . Memory (MB): peak = 1055.219 ; gain = 0.000
INFO: [Project 1-111] Unisim Transformation Summary:
No Unisim elements were transformed.

INFO: [Common 17-83] Releasing license: Synthesis
32 Infos, 0 Warnings, 0 Critical Warnings and 0 Errors encountered.
synth_design completed successfully
synth_design: Time (s): cpu = 00:00:35 ; elapsed = 00:00:41 . Memory (MB): peak = 1055.219 ; gain = 30.129
INFO: [Common 17-1381] The checkpoint 'C:/Users/Administrator/Desktop/CAlab/project_ca_lab_6/project_ca_lab_6.runs/synth_1/memorySystemFPGA.dcp' has been generated.
INFO: [runtcl-4] Executing : report_utilization -file memorySystemFPGA_utilization_synth.rpt -pb memorySystemFPGA_utilization_synth.pb
INFO: [Common 17-206] Exiting Vivado at Tue Mar 17 23:45:26 2026...
