Copyright 1986-2020 Xilinx, Inc. All Rights Reserved.
--------------------------------------------------------------------------------------------
| Tool Version : Vivado v.2020.1 (win64) Build 2902540 Wed May 27 19:54:49 MDT 2020
| Date         : Sun Apr 26 20:08:31 2026
| Host         : DESKTOP-IVHRL9V running 64-bit major release  (build 9200)
| Command      : report_control_sets -verbose -file riscv_processor_control_sets_placed.rpt
| Design       : riscv_processor
| Device       : xc7a35t
--------------------------------------------------------------------------------------------

Control Set Information

Table of Contents
-----------------
1. Summary
2. Histogram
3. Flip-Flop Distribution
4. Detailed Control Set Information

1. Summary
----------

+----------------------------------------------------------+-------+
|                          Status                          | Count |
+----------------------------------------------------------+-------+
| Total control sets                                       |    35 |
|    Minimum number of control sets                        |    35 |
|    Addition due to synthesis replication                 |     0 |
|    Addition due to physical synthesis replication        |     0 |
| Unused register locations in slices containing registers |     6 |
+----------------------------------------------------------+-------+
* Control sets can be merged at opt_design using control_set_merge or merge_equivalent_drivers
** Run report_qor_suggestions for automated merging and remapping suggestions


2. Histogram
------------

+--------------------+-------+
|       Fanout       | Count |
+--------------------+-------+
| Total control sets |    35 |
| >= 0 to < 4        |     0 |
| >= 4 to < 6        |     0 |
| >= 6 to < 8        |     0 |
| >= 8 to < 10       |     0 |
| >= 10 to < 12      |     0 |
| >= 12 to < 14      |     0 |
| >= 14 to < 16      |     0 |
| >= 16              |    35 |
+--------------------+-------+
* Control sets can be remapped at either synth_design or opt_design


3. Flip-Flop Distribution
-------------------------

+--------------+-----------------------+------------------------+-----------------+--------------+
| Clock Enable | Synchronous Set/Reset | Asynchronous Set/Reset | Total Registers | Total Slices |
+--------------+-----------------------+------------------------+-----------------+--------------+
| No           | No                    | No                     |               0 |            0 |
| No           | No                    | Yes                    |              50 |           14 |
| No           | Yes                   | No                     |               0 |            0 |
| Yes          | No                    | No                     |               0 |            0 |
| Yes          | No                    | Yes                    |            1024 |          527 |
| Yes          | Yes                   | No                     |               0 |            0 |
+--------------+-----------------------+------------------------+-----------------+--------------+


4. Detailed Control Set Information
-----------------------------------

+----------------+------------------------------------+------------------+------------------+----------------+--------------+
|  Clock Signal  |            Enable Signal           | Set/Reset Signal | Slice Load Count | Bel Load Count | Bels / Slice |
+----------------+------------------------------------+------------------+------------------+----------------+--------------+
|  clk_IBUF_BUFG | PC_Reg/pc_reg[2]_32[0]             | rst_IBUF         |               16 |             32 |         2.00 |
|  clk_IBUF_BUFG | PC_Reg/pc_reg[2]_19[0]             | rst_IBUF         |               18 |             32 |         1.78 |
|  clk_IBUF_BUFG | PC_Reg/pc_reg[2]_26[0]             | rst_IBUF         |               19 |             32 |         1.68 |
|  clk_IBUF_BUFG | PC_Reg/E[0]                        | rst_IBUF         |               14 |             32 |         2.29 |
|  clk_IBUF_BUFG | PC_Reg/pc_reg[2]_0[0]              | rst_IBUF         |               18 |             32 |         1.78 |
|  clk_IBUF_BUFG | PC_Reg/pc_reg[2]_1[0]              | rst_IBUF         |               23 |             32 |         1.39 |
|  clk_IBUF_BUFG | PC_Reg/pc_reg[2]_11[0]             | rst_IBUF         |               13 |             32 |         2.46 |
|  clk_IBUF_BUFG | PC_Reg/pc_reg[2]_12[0]             | rst_IBUF         |               19 |             32 |         1.68 |
|  clk_IBUF_BUFG | PC_Reg/pc_reg[2]_16[0]             | rst_IBUF         |               12 |             32 |         2.67 |
|  clk_IBUF_BUFG | PC_Reg/pc_reg[2]_13[0]             | rst_IBUF         |               19 |             32 |         1.68 |
|  clk_IBUF_BUFG | PC_Reg/pc_reg[2]_15[0]             | rst_IBUF         |               14 |             32 |         2.29 |
|  clk_IBUF_BUFG | PC_Reg/pc_reg[2]_14[0]             | rst_IBUF         |               15 |             32 |         2.13 |
|  clk_IBUF_BUFG | PC_Reg/pc_reg[2]_42[0]             | rst_IBUF         |               13 |             32 |         2.46 |
|  clk_IBUF_BUFG | PC_Reg/pc_reg[2]_17[0]             | rst_IBUF         |               16 |             32 |         2.00 |
|  clk_IBUF_BUFG | PC_Reg/pc_reg[2]_29[0]             | rst_IBUF         |               20 |             32 |         1.60 |
|  clk_IBUF_BUFG | PC_Reg/pc_reg[2]_35[0]             | rst_IBUF         |               13 |             32 |         2.46 |
|  clk_IBUF_BUFG | PC_Reg/pc_reg[2]_18[0]             | rst_IBUF         |               16 |             32 |         2.00 |
|  clk_IBUF_BUFG | PC_Reg/pc_reg[2]_31[0]             | rst_IBUF         |                8 |             32 |         4.00 |
|  clk_IBUF_BUFG | PC_Reg/pc_reg[2]_24[0]             | rst_IBUF         |               21 |             32 |         1.52 |
|  clk_IBUF_BUFG | PC_Reg/pc_reg[2]_41[0]             | rst_IBUF         |               20 |             32 |         1.60 |
|  clk_IBUF_BUFG | PC_Reg/pc_reg[2]_2[0]              | rst_IBUF         |               11 |             32 |         2.91 |
|  clk_IBUF_BUFG | PC_Reg/pc_reg[2]_22[0]             | rst_IBUF         |               20 |             32 |         1.60 |
|  clk_IBUF_BUFG | PC_Reg/pc_reg[2]_6[0]              | rst_IBUF         |               13 |             32 |         2.46 |
|  clk_IBUF_BUFG | PC_Reg/pc_reg[2]_21[0]             | rst_IBUF         |               26 |             32 |         1.23 |
|  clk_IBUF_BUFG | PC_Reg/pc_reg[2]_27[0]             | rst_IBUF         |               16 |             32 |         2.00 |
|  clk_IBUF_BUFG | PC_Reg/pc_reg[2]_28[0]             | rst_IBUF         |               15 |             32 |         2.13 |
|  clk_IBUF_BUFG | PC_Reg/pc_reg[2]_23[0]             | rst_IBUF         |               20 |             32 |         1.60 |
|  clk_IBUF_BUFG | PC_Reg/pc_reg[2]_30[0]             | rst_IBUF         |               10 |             32 |         3.20 |
|  clk_IBUF_BUFG | PC_Reg/pc_reg[2]_33[0]             | rst_IBUF         |               12 |             32 |         2.67 |
|  clk_IBUF_BUFG | PC_Reg/pc_reg[2]_20[0]             | rst_IBUF         |               19 |             32 |         1.68 |
|  clk_IBUF_BUFG | PC_Reg/pc_reg[2]_34[0]             | rst_IBUF         |               17 |             32 |         1.88 |
|  clk_IBUF_BUFG | PC_Reg/pc_reg[2]_25[0]             | rst_IBUF         |               21 |             32 |         1.52 |
|  clk_IBUF_BUFG |                                    | rst_IBUF         |               14 |             50 |         3.57 |
|  clk_IBUF_BUFG | PC_Reg/memory_reg_0_255_0_0_i_16_0 |                  |               16 |             64 |         4.00 |
|  clk_IBUF_BUFG | PC_Reg/memory_reg_0_255_0_0_i_16_1 |                  |               32 |            128 |         4.00 |
+----------------+------------------------------------+------------------+------------------+----------------+--------------+


