Copyright 1986-2020 Xilinx, Inc. All Rights Reserved.
----------------------------------------------------------------------------------------------
| Tool Version : Vivado v.2020.1 (win64) Build 2902540 Wed May 27 19:54:49 MDT 2020
| Date         : Mon Apr 27 00:59:17 2026
| Host         : DESKTOP-IVHRL9V running 64-bit major release  (build 9200)
| Command      : report_control_sets -verbose -file TopLevelProcessor_control_sets_placed.rpt
| Design       : TopLevelProcessor
| Device       : xc7a35t
----------------------------------------------------------------------------------------------

Control Set Information

Table of Contents
-----------------
1. Summary
2. Histogram
3. Flip-Flop Distribution
4. Detailed Control Set Information

1. Summary
----------

+----------------------------------------------------------+-------+
|                          Status                          | Count |
+----------------------------------------------------------+-------+
| Total control sets                                       |    11 |
|    Minimum number of control sets                        |    11 |
|    Addition due to synthesis replication                 |     0 |
|    Addition due to physical synthesis replication        |     0 |
| Unused register locations in slices containing registers |     5 |
+----------------------------------------------------------+-------+
* Control sets can be merged at opt_design using control_set_merge or merge_equivalent_drivers
** Run report_qor_suggestions for automated merging and remapping suggestions


2. Histogram
------------

+--------------------+-------+
|       Fanout       | Count |
+--------------------+-------+
| Total control sets |    11 |
| >= 0 to < 4        |     1 |
| >= 4 to < 6        |     0 |
| >= 6 to < 8        |     0 |
| >= 8 to < 10       |     0 |
| >= 10 to < 12      |     0 |
| >= 12 to < 14      |     0 |
| >= 14 to < 16      |     0 |
| >= 16              |    10 |
+--------------------+-------+
* Control sets can be remapped at either synth_design or opt_design


3. Flip-Flop Distribution
-------------------------

+--------------+-----------------------+------------------------+-----------------+--------------+
| Clock Enable | Synchronous Set/Reset | Asynchronous Set/Reset | Total Registers | Total Slices |
+--------------+-----------------------+------------------------+-----------------+--------------+
| No           | No                    | No                     |               3 |            2 |
| No           | No                    | Yes                    |              32 |           17 |
| No           | Yes                   | No                     |              16 |            4 |
| Yes          | No                    | No                     |               0 |            0 |
| Yes          | No                    | Yes                    |             192 |          106 |
| Yes          | Yes                   | No                     |              32 |            7 |
+--------------+-----------------------+------------------------+-----------------+--------------+


4. Detailed Control Set Information
-----------------------------------

+----------------+-------------------------+------------------------+------------------+----------------+--------------+
|  Clock Signal  |      Enable Signal      |    Set/Reset Signal    | Slice Load Count | Bel Load Count | Bels / Slice |
+----------------+-------------------------+------------------------+------------------+----------------+--------------+
|  clk_IBUF_BUFG |                         |                        |                2 |              3 |         1.50 |
|  clk_IBUF_BUFG |                         | SSD/clkDiv[16]_i_1_n_0 |                4 |             16 |         4.00 |
|  clk_IBUF_BUFG |                         | reset_IBUF             |               17 |             32 |         1.88 |
|  clk_IBUF_BUFG | PC_Unit/E[0]            | reset_IBUF             |                7 |             32 |         4.57 |
|  clk_IBUF_BUFG | PC_Unit/pc_reg[3]_2[0]  | reset_IBUF             |               18 |             32 |         1.78 |
|  clk_IBUF_BUFG | PC_Unit/pc_reg[2]_1[0]  | reset_IBUF             |               15 |             32 |         2.13 |
|  clk_IBUF_BUFG | PC_Unit/pc_reg[2]_0[0]  | reset_IBUF             |               20 |             32 |         1.60 |
|  clk_IBUF_BUFG | PC_Unit/pc_reg[6]_14[0] | reset_IBUF             |               18 |             32 |         1.78 |
|  clk_IBUF_BUFG | PC_Unit/pc_reg[4]_0[0]  | reset_IBUF             |               15 |             32 |         2.13 |
|  clk_IBUF_BUFG | PC_Unit/pc_reg[6]_11[0] | reset_IBUF             |               20 |             32 |         1.60 |
|  clk_IBUF_BUFG | PC_Unit/p_1_in          |                        |               32 |            128 |         4.00 |
+----------------+-------------------------+------------------------+------------------+----------------+--------------+


