#-----------------------------------------------------------
# Vivado v2020.1 (64-bit)
# SW Build 2902540 on Wed May 27 19:54:49 MDT 2020
# IP Build 2902112 on Wed May 27 22:43:36 MDT 2020
# Start of session at: Thu Mar 12 11:30:21 2026
# Process ID: 13936
# Current directory: C:/Users/Administrator/Desktop/Ca Lab/project_ca_lab_6
# Command line: vivado.exe -gui_launcher_event rodinguilauncherevent24092 C:\Users\Administrator\Desktop\Ca Lab\project_ca_lab_6\project_ca_lab_6.xpr
# Log file: C:/Users/Administrator/Desktop/Ca Lab/project_ca_lab_6/vivado.log
# Journal file: C:/Users/Administrator/Desktop/Ca Lab/project_ca_lab_6\vivado.jou
#-----------------------------------------------------------
start_gui
open_project {C:/Users/Administrator/Desktop/Ca Lab/project_ca_lab_6/project_ca_lab_6.xpr}
Scanning sources...
Finished scanning sources
INFO: [IP_Flow 19-234] Refreshing IP repositories
INFO: [IP_Flow 19-1704] No user IP repositories specified
INFO: [IP_Flow 19-2313] Loaded Vivado IP repository 'C:/Xilinx/Vivado/2020.1/data/ip'.
open_project: Time (s): cpu = 00:00:22 ; elapsed = 00:00:11 . Memory (MB): peak = 1024.746 ; gain = 0.000
update_compile_order -fileset sources_1
