Copyright 1986-2020 Xilinx, Inc. All Rights Reserved.
----------------------------------------------------------------------------------------------
| Tool Version : Vivado v.2020.1 (win64) Build 2902540 Wed May 27 19:54:49 MDT 2020
| Date         : Thu Apr 30 04:43:43 2026
| Host         : DESKTOP-IVHRL9V running 64-bit major release  (build 9200)
| Command      : report_control_sets -verbose -file TopLevelProcessor_control_sets_placed.rpt
| Design       : TopLevelProcessor
| Device       : xc7a35t
----------------------------------------------------------------------------------------------

Control Set Information

Table of Contents
-----------------
1. Summary
2. Histogram
3. Flip-Flop Distribution
4. Detailed Control Set Information

1. Summary
----------

+----------------------------------------------------------+-------+
|                          Status                          | Count |
+----------------------------------------------------------+-------+
| Total control sets                                       |    13 |
|    Minimum number of control sets                        |    13 |
|    Addition due to synthesis replication                 |     0 |
|    Addition due to physical synthesis replication        |     0 |
| Unused register locations in slices containing registers |    11 |
+----------------------------------------------------------+-------+
* Control sets can be merged at opt_design using control_set_merge or merge_equivalent_drivers
** Run report_qor_suggestions for automated merging and remapping suggestions


2. Histogram
------------

+--------------------+-------+
|       Fanout       | Count |
+--------------------+-------+
| Total control sets |    13 |
| >= 0 to < 4        |     1 |
| >= 4 to < 6        |     0 |
| >= 6 to < 8        |     0 |
| >= 8 to < 10       |     0 |
| >= 10 to < 12      |     0 |
| >= 12 to < 14      |     0 |
| >= 14 to < 16      |     0 |
| >= 16              |    12 |
+--------------------+-------+
* Control sets can be remapped at either synth_design or opt_design


3. Flip-Flop Distribution
-------------------------

+--------------+-----------------------+------------------------+-----------------+--------------+
| Clock Enable | Synchronous Set/Reset | Asynchronous Set/Reset | Total Registers | Total Slices |
+--------------+-----------------------+------------------------+-----------------+--------------+
| No           | No                    | No                     |               3 |            2 |
| No           | No                    | Yes                    |               0 |            0 |
| No           | Yes                   | No                     |              43 |           12 |
| Yes          | No                    | No                     |               0 |            0 |
| Yes          | No                    | Yes                    |             192 |          125 |
| Yes          | Yes                   | No                     |              63 |           26 |
+--------------+-----------------------+------------------------+-----------------+--------------+


4. Detailed Control Set Information
-----------------------------------

+----------------+----------------------------------------------+------------------------+------------------+----------------+--------------+
|  Clock Signal  |                 Enable Signal                |    Set/Reset Signal    | Slice Load Count | Bel Load Count | Bels / Slice |
+----------------+----------------------------------------------+------------------------+------------------+----------------+--------------+
|  clk_IBUF_BUFG |                                              |                        |                2 |              3 |         1.50 |
|  clk_IBUF_BUFG |                                              | SSD/clkDiv[16]_i_1_n_0 |                4 |             16 |         4.00 |
|  clk_IBUF_BUFG |                                              | reset_IBUF             |                8 |             27 |         3.38 |
|  clk_IBUF_BUFG | MainALU/E[0]                                 | reset_IBUF             |               18 |             31 |         1.72 |
|  clk_IBUF_BUFG | divider/slowEnable                           | reset_IBUF             |                8 |             32 |         4.00 |
|  clk_IBUF_BUFG | PC_Unit/E[0]                                 | reset_IBUF             |               21 |             32 |         1.52 |
|  clk_IBUF_BUFG | PC_Unit/pc_reg[6]_14[0]                      | reset_IBUF             |               20 |             32 |         1.60 |
|  clk_IBUF_BUFG | PC_Unit/pc_reg[6]_16[0]                      | reset_IBUF             |               18 |             32 |         1.78 |
|  clk_IBUF_BUFG | PC_Unit/pc_reg[4]_2[0]                       | reset_IBUF             |               19 |             32 |         1.68 |
|  clk_IBUF_BUFG | PC_Unit/pc_reg[6]_15[0]                      | reset_IBUF             |               23 |             32 |         1.39 |
|  clk_IBUF_BUFG | PC_Unit/pc_reg[6]_17[0]                      | reset_IBUF             |               24 |             32 |         1.33 |
|  clk_IBUF_BUFG | IO_System/__0/memory_reg_256_511_0_0_i_1_n_0 |                        |               32 |            128 |         4.00 |
|  clk_IBUF_BUFG | PC_Unit/pc_reg[6]_22                         |                        |               32 |            128 |         4.00 |
+----------------+----------------------------------------------+------------------------+------------------+----------------+--------------+


