#-----------------------------------------------------------
# Vivado v2020.1 (64-bit)
# SW Build 2902540 on Wed May 27 19:54:49 MDT 2020
# IP Build 2902112 on Wed May 27 22:43:36 MDT 2020
# Start of session at: Thu Apr 30 02:17:03 2026
# Process ID: 22152
# Current directory: C:/Users/Administrator/Downloads/project_task_c/project_task_c
# Command line: vivado.exe -gui_launcher_event rodinguilauncherevent12204 C:\Users\Administrator\Downloads\project_task_c\project_task_c\project_task_c.xpr
# Log file: C:/Users/Administrator/Downloads/project_task_c/project_task_c/vivado.log
# Journal file: C:/Users/Administrator/Downloads/project_task_c/project_task_c\vivado.jou
#-----------------------------------------------------------
start_gui
open_project C:/Users/Administrator/Downloads/project_task_c/project_task_c/project_task_c.xpr
INFO: [Project 1-313] Project file moved from 'C:/Users/Administrator/Desktop/project_task_c' since last save.
Scanning sources...
Finished scanning sources
INFO: [IP_Flow 19-234] Refreshing IP repositories
INFO: [IP_Flow 19-1704] No user IP repositories specified
INFO: [IP_Flow 19-2313] Loaded Vivado IP repository 'C:/Xilinx/Vivado/2020.1/data/ip'.
open_project: Time (s): cpu = 00:00:25 ; elapsed = 00:00:10 . Memory (MB): peak = 1024.750 ; gain = 0.000
update_compile_order -fileset sources_1
set_property SOURCE_SET sources_1 [get_filesets sim_1]
close [ open C:/Users/Administrator/Downloads/project_task_c/project_task_c/project_task_c.srcs/sim_1/new/tb_TopLevel.v w ]
add_files -fileset sim_1 C:/Users/Administrator/Downloads/project_task_c/project_task_c/project_task_c.srcs/sim_1/new/tb_TopLevel.v
update_compile_order -fileset sim_1
set_property top tb_TopLevel [get_filesets sim_1]
set_property top_lib xil_defaultlib [get_filesets sim_1]
update_compile_order -fileset sim_1
launch_simulation
Command: launch_simulation 
INFO: [Vivado 12-5682] Launching behavioral simulation in 'C:/Users/Administrator/Downloads/project_task_c/project_task_c/project_task_c.sim/sim_1/behav/xsim'
INFO: [SIM-utils-51] Simulation object is 'sim_1'
INFO: [SIM-utils-54] Inspecting design source files for 'tb_TopLevel' in fileset 'sim_1'...
INFO: [SIM-utils-43] Exported 'C:/Users/Administrator/Downloads/project_task_c/project_task_c/project_task_c.sim/sim_1/behav/xsim/prog.mem'
INFO: [USF-XSim-97] Finding global include files...
INFO: [USF-XSim-98] Fetching design files from 'sim_1'...
INFO: [USF-XSim-2] XSim::Compile design
INFO: [USF-XSim-61] Executing 'COMPILE and ANALYZE' step in 'C:/Users/Administrator/Downloads/project_task_c/project_task_c/project_task_c.sim/sim_1/behav/xsim'
"xvlog --incr --relax -prj tb_TopLevel_vlog.prj"
INFO: [VRFC 10-2263] Analyzing Verilog file "C:/Users/Administrator/Downloads/project_task_c/project_task_c/project_task_c.srcs/sources_1/new/ALU.v" into library xil_defaultlib
INFO: [VRFC 10-311] analyzing module ALU
INFO: [VRFC 10-2263] Analyzing Verilog file "C:/Users/Administrator/Downloads/project_task_c/project_task_c/project_task_c.srcs/sources_1/new/ALUControl.v" into library xil_defaultlib
INFO: [VRFC 10-311] analyzing module ALUControl
INFO: [VRFC 10-2263] Analyzing Verilog file "C:/Users/Administrator/Downloads/project_task_c/project_task_c/project_task_c.srcs/sources_1/new/MainControl.v" into library xil_defaultlib
INFO: [VRFC 10-311] analyzing module MainControl
INFO: [VRFC 10-2263] Analyzing Verilog file "C:/Users/Administrator/Downloads/project_task_c/project_task_c/project_task_c.srcs/sources_1/new/ProgramCounter.v" into library xil_defaultlib
INFO: [VRFC 10-311] analyzing module ProgramCounter
INFO: [VRFC 10-2263] Analyzing Verilog file "C:/Users/Administrator/Downloads/project_task_c/project_task_c/project_task_c.srcs/sources_1/new/RegisterFile.v" into library xil_defaultlib
INFO: [VRFC 10-311] analyzing module RegisterFile
INFO: [VRFC 10-2263] Analyzing Verilog file "C:/Users/Administrator/Downloads/project_task_c/project_task_c/project_task_c.srcs/sources_1/new/TopLevelProcessor.v" into library xil_defaultlib
INFO: [VRFC 10-311] analyzing module TopLevelProcessor
INFO: [VRFC 10-2263] Analyzing Verilog file "C:/Users/Administrator/Downloads/project_task_c/project_task_c/project_task_c.srcs/sources_1/new/addressDecoderTop.v" into library xil_defaultlib
INFO: [VRFC 10-311] analyzing module addressDecoderTop
INFO: [VRFC 10-2263] Analyzing Verilog file "C:/Users/Administrator/Downloads/project_task_c/project_task_c/project_task_c.srcs/sources_1/new/bin2bcd.v" into library xil_defaultlib
INFO: [VRFC 10-311] analyzing module bin2bcd
INFO: [VRFC 10-2263] Analyzing Verilog file "C:/Users/Administrator/Downloads/project_task_c/project_task_c/project_task_c.srcs/sources_1/new/branchAdder.v" into library xil_defaultlib
INFO: [VRFC 10-311] analyzing module branchAdder
INFO: [VRFC 10-2263] Analyzing Verilog file "C:/Users/Administrator/Downloads/project_task_c/project_task_c/project_task_c.srcs/sources_1/new/clk_divider.v" into library xil_defaultlib
INFO: [VRFC 10-311] analyzing module clk_divider
INFO: [VRFC 10-2263] Analyzing Verilog file "C:/Users/Administrator/Downloads/project_task_c/project_task_c/project_task_c.srcs/sources_1/new/control_top.v" into library xil_defaultlib
INFO: [VRFC 10-311] analyzing module control_top
INFO: [VRFC 10-2263] Analyzing Verilog file "C:/Users/Administrator/Downloads/project_task_c/project_task_c/project_task_c.srcs/sources_1/new/immGen.v" into library xil_defaultlib
INFO: [VRFC 10-311] analyzing module immGen
INFO: [VRFC 10-2263] Analyzing Verilog file "C:/Users/Administrator/Downloads/project_task_c/project_task_c/project_task_c.srcs/sources_1/new/instructionMemory.v" into library xil_defaultlib
INFO: [VRFC 10-311] analyzing module instructionMemory
INFO: [VRFC 10-2263] Analyzing Verilog file "C:/Users/Administrator/Downloads/project_task_c/project_task_c/project_task_c.srcs/sources_1/new/mux2.v" into library xil_defaultlib
INFO: [VRFC 10-311] analyzing module mux2
INFO: [VRFC 10-2263] Analyzing Verilog file "C:/Users/Administrator/Downloads/project_task_c/project_task_c/project_task_c.srcs/sources_1/new/pcAdder.v" into library xil_defaultlib
INFO: [VRFC 10-311] analyzing module pcAdder
INFO: [VRFC 10-2263] Analyzing Verilog file "C:/Users/Administrator/Downloads/project_task_c/project_task_c/project_task_c.srcs/sources_1/new/sevenSegDriver.v" into library xil_defaultlib
INFO: [VRFC 10-311] analyzing module sevenSegDriver
INFO: [VRFC 10-2263] Analyzing Verilog file "C:/Users/Administrator/Downloads/project_task_c/project_task_c/project_task_c.srcs/sim_1/new/tb_TopLevel.v" into library xil_defaultlib
INFO: [VRFC 10-311] analyzing module tb_TopLevel
INFO: [VRFC 10-2263] Analyzing Verilog file "C:/Users/Administrator/Downloads/project_task_c/project_task_c/project_task_c.sim/sim_1/behav/xsim/glbl.v" into library xil_defaultlib
INFO: [VRFC 10-311] analyzing module glbl
INFO: [USF-XSim-69] 'compile' step finished in '3' seconds
INFO: [USF-XSim-3] XSim::Elaborate design
INFO: [USF-XSim-61] Executing 'ELABORATE' step in 'C:/Users/Administrator/Downloads/project_task_c/project_task_c/project_task_c.sim/sim_1/behav/xsim'
"xelab -wto 78b3bf24ddcc41f7a939f3383f5940d5 --incr --debug typical --relax --mt 2 -L xil_defaultlib -L unisims_ver -L unimacro_ver -L secureip --snapshot tb_TopLevel_behav xil_defaultlib.tb_TopLevel xil_defaultlib.glbl -log elaborate.log"
Vivado Simulator 2020.1
Copyright 1986-1999, 2001-2020 Xilinx, Inc. All Rights Reserved.
Running: C:/Xilinx/Vivado/2020.1/bin/unwrapped/win64.o/xelab.exe -wto 78b3bf24ddcc41f7a939f3383f5940d5 --incr --debug typical --relax --mt 2 -L xil_defaultlib -L unisims_ver -L unimacro_ver -L secureip --snapshot tb_TopLevel_behav xil_defaultlib.tb_TopLevel xil_defaultlib.glbl -log elaborate.log 
Using 2 slave threads.
Starting static elaboration
Pass Through NonSizing Optimizer
Completed static elaboration
Starting simulation data flow analysis
Completed simulation data flow analysis
Time Resolution for simulation is 1ps
Compiling module xil_defaultlib.clk_divider
Compiling module xil_defaultlib.ProgramCounter
Compiling module xil_defaultlib.pcAdder
Compiling module xil_defaultlib.instructionMemory
Compiling module xil_defaultlib.MainControl
Compiling module xil_defaultlib.ALUControl
Compiling module xil_defaultlib.control_top
Compiling module xil_defaultlib.immGen
Compiling module xil_defaultlib.RegisterFile
Compiling module xil_defaultlib.mux2
Compiling module xil_defaultlib.ALU
Compiling module xil_defaultlib.addressDecoderTop
Compiling module xil_defaultlib.branchAdder
Compiling module xil_defaultlib.bin2bcd
Compiling module xil_defaultlib.sevenSegDriver
Compiling module xil_defaultlib.TopLevelProcessor
Compiling module xil_defaultlib.tb_TopLevel
Compiling module xil_defaultlib.glbl
Built simulation snapshot tb_TopLevel_behav

****** Webtalk v2020.1 (64-bit)
  **** SW Build 2902540 on Wed May 27 19:54:49 MDT 2020
  **** IP Build 2902112 on Wed May 27 22:43:36 MDT 2020
    ** Copyright 1986-2020 Xilinx, Inc. All Rights Reserved.

source C:/Users/Administrator/Downloads/project_task_c/project_task_c/project_task_c.sim/sim_1/behav/xsim/xsim.dir/tb_TopLevel_behav/webtalk/xsim_webtalk.tcl -notrace
INFO: [Common 17-206] Exiting Webtalk at Thu Apr 30 04:01:52 2026...
run_program: Time (s): cpu = 00:00:02 ; elapsed = 00:00:07 . Memory (MB): peak = 1024.750 ; gain = 0.000
INFO: [USF-XSim-69] 'elaborate' step finished in '7' seconds
INFO: [USF-XSim-4] XSim::Simulate design
INFO: [USF-XSim-61] Executing 'SIMULATE' step in 'C:/Users/Administrator/Downloads/project_task_c/project_task_c/project_task_c.sim/sim_1/behav/xsim'
INFO: [USF-XSim-98] *** Running xsim
   with args "tb_TopLevel_behav -key {Behavioral:sim_1:Functional:tb_TopLevel} -tclbatch {tb_TopLevel.tcl} -log {simulate.log}"
INFO: [USF-XSim-8] Loading simulator feature
Vivado Simulator 2020.1
ERROR: [Simtcl 6-50] Simulation engine failed to start: Failed to launch child process (child exe not found).
Please see the Tcl Console or the Messages for details.
exit
INFO: [Common 17-206] Exiting Vivado at Thu Apr 30 04:01:55 2026...
