
*** Running vivado
    with args -log TopLevelProcessor.vds -m64 -product Vivado -mode batch -messageDb vivado.pb -notrace -source TopLevelProcessor.tcl



****** Vivado v2020.1 (64-bit)
  **** SW Build 2902540 on Wed May 27 19:54:49 MDT 2020
  **** IP Build 2902112 on Wed May 27 22:43:36 MDT 2020
    ** Copyright 1986-2020 Xilinx, Inc. All Rights Reserved.

source TopLevelProcessor.tcl -notrace
Command: synth_design -top TopLevelProcessor -part xc7a35tcpg236-1
Starting synth_design
Attempting to get a license for feature 'Synthesis' and/or device 'xc7a35t'
INFO: [Common 17-349] Got license for feature 'Synthesis' and/or device 'xc7a35t'
INFO: [Device 21-403] Loading part xc7a35tcpg236-1
INFO: [Synth 8-7079] Multithreading enabled for synth_design using a maximum of 2 processes.
INFO: [Synth 8-7078] Launching helper process for spawning children vivado processes
INFO: [Synth 8-7075] Helper process launched with PID 10544
---------------------------------------------------------------------------------
Starting RTL Elaboration : Time (s): cpu = 00:00:05 ; elapsed = 00:00:06 . Memory (MB): peak = 1017.320 ; gain = 0.000
---------------------------------------------------------------------------------
INFO: [Synth 8-6157] synthesizing module 'TopLevelProcessor' [C:/Users/Administrator/Desktop/project_task_b/project_task_b.srcs/sources_1/new/TopLevelProcessor.v:307]
INFO: [Synth 8-6157] synthesizing module 'clk_divider' [C:/Users/Administrator/Desktop/project_task_b/project_task_b.srcs/sources_1/new/clk_divider.v:3]
INFO: [Synth 8-6155] done synthesizing module 'clk_divider' (1#1) [C:/Users/Administrator/Desktop/project_task_b/project_task_b.srcs/sources_1/new/clk_divider.v:3]
INFO: [Synth 8-6157] synthesizing module 'ProgramCounter' [C:/Users/Administrator/Desktop/project_task_b/project_task_b.srcs/sources_1/new/ProgramCounter.v:2]
INFO: [Synth 8-6155] done synthesizing module 'ProgramCounter' (2#1) [C:/Users/Administrator/Desktop/project_task_b/project_task_b.srcs/sources_1/new/ProgramCounter.v:2]
INFO: [Synth 8-6157] synthesizing module 'pcAdder' [C:/Users/Administrator/Desktop/project_task_b/project_task_b.srcs/sources_1/new/pcAdder.v:3]
INFO: [Synth 8-6155] done synthesizing module 'pcAdder' (3#1) [C:/Users/Administrator/Desktop/project_task_b/project_task_b.srcs/sources_1/new/pcAdder.v:3]
INFO: [Synth 8-6157] synthesizing module 'instructionMemory' [C:/Users/Administrator/Desktop/project_task_b/project_task_b.srcs/sources_1/new/instructionMemory.v:3]
INFO: [Synth 8-3876] $readmem data file 'prog.mem' is read successfully [C:/Users/Administrator/Desktop/project_task_b/project_task_b.srcs/sources_1/new/instructionMemory.v:12]
INFO: [Synth 8-6155] done synthesizing module 'instructionMemory' (4#1) [C:/Users/Administrator/Desktop/project_task_b/project_task_b.srcs/sources_1/new/instructionMemory.v:3]
INFO: [Synth 8-6157] synthesizing module 'control_top' [C:/Users/Administrator/Desktop/project_task_b/project_task_b.srcs/sources_1/new/control_top.v:3]
INFO: [Synth 8-6157] synthesizing module 'MainControl' [C:/Users/Administrator/Desktop/project_task_b/project_task_b.srcs/sources_1/new/MainControl.v:158]
INFO: [Synth 8-155] case statement is not full and has no default [C:/Users/Administrator/Desktop/project_task_b/project_task_b.srcs/sources_1/new/MainControl.v:178]
INFO: [Synth 8-6155] done synthesizing module 'MainControl' (5#1) [C:/Users/Administrator/Desktop/project_task_b/project_task_b.srcs/sources_1/new/MainControl.v:158]
INFO: [Synth 8-6157] synthesizing module 'ALUControl' [C:/Users/Administrator/Desktop/project_task_b/project_task_b.srcs/sources_1/new/ALUControl.v:84]
INFO: [Synth 8-6155] done synthesizing module 'ALUControl' (6#1) [C:/Users/Administrator/Desktop/project_task_b/project_task_b.srcs/sources_1/new/ALUControl.v:84]
INFO: [Synth 8-6155] done synthesizing module 'control_top' (7#1) [C:/Users/Administrator/Desktop/project_task_b/project_task_b.srcs/sources_1/new/control_top.v:3]
INFO: [Synth 8-6157] synthesizing module 'immGen' [C:/Users/Administrator/Desktop/project_task_b/project_task_b.srcs/sources_1/new/immGen.v:2]
INFO: [Synth 8-6155] done synthesizing module 'immGen' (8#1) [C:/Users/Administrator/Desktop/project_task_b/project_task_b.srcs/sources_1/new/immGen.v:2]
INFO: [Synth 8-6157] synthesizing module 'RegisterFile' [C:/Users/Administrator/Desktop/project_task_b/project_task_b.srcs/sources_1/new/RegisterFile.v:43]
INFO: [Synth 8-6155] done synthesizing module 'RegisterFile' (9#1) [C:/Users/Administrator/Desktop/project_task_b/project_task_b.srcs/sources_1/new/RegisterFile.v:43]
INFO: [Synth 8-6157] synthesizing module 'mux2' [C:/Users/Administrator/Desktop/project_task_b/project_task_b.srcs/sources_1/new/mux2.v:3]
INFO: [Synth 8-6155] done synthesizing module 'mux2' (10#1) [C:/Users/Administrator/Desktop/project_task_b/project_task_b.srcs/sources_1/new/mux2.v:3]
INFO: [Synth 8-6157] synthesizing module 'ALU' [C:/Users/Administrator/Desktop/project_task_b/project_task_b.srcs/sources_1/new/ALU.v:38]
INFO: [Synth 8-6155] done synthesizing module 'ALU' (11#1) [C:/Users/Administrator/Desktop/project_task_b/project_task_b.srcs/sources_1/new/ALU.v:38]
INFO: [Synth 8-6157] synthesizing module 'branchAdder' [C:/Users/Administrator/Desktop/project_task_b/project_task_b.srcs/sources_1/new/branchAdder.v:3]
INFO: [Synth 8-6155] done synthesizing module 'branchAdder' (12#1) [C:/Users/Administrator/Desktop/project_task_b/project_task_b.srcs/sources_1/new/branchAdder.v:3]
INFO: [Synth 8-6085] Hierarchical reference on 'regs' stops possible memory inference [C:/Users/Administrator/Desktop/project_task_b/project_task_b.srcs/sources_1/new/RegisterFile.v:55]
INFO: [Synth 8-6157] synthesizing module 'sevenSegDriver' [C:/Users/Administrator/Desktop/project_task_b/project_task_b.srcs/sources_1/new/sevenSegDriver.v:2]
INFO: [Synth 8-6155] done synthesizing module 'sevenSegDriver' (13#1) [C:/Users/Administrator/Desktop/project_task_b/project_task_b.srcs/sources_1/new/sevenSegDriver.v:2]
INFO: [Synth 8-6155] done synthesizing module 'TopLevelProcessor' (14#1) [C:/Users/Administrator/Desktop/project_task_b/project_task_b.srcs/sources_1/new/TopLevelProcessor.v:307]
---------------------------------------------------------------------------------
Finished RTL Elaboration : Time (s): cpu = 00:00:07 ; elapsed = 00:00:08 . Memory (MB): peak = 1017.320 ; gain = 0.000
---------------------------------------------------------------------------------
---------------------------------------------------------------------------------
Start Handling Custom Attributes
---------------------------------------------------------------------------------
---------------------------------------------------------------------------------
Finished Handling Custom Attributes : Time (s): cpu = 00:00:07 ; elapsed = 00:00:08 . Memory (MB): peak = 1017.320 ; gain = 0.000
---------------------------------------------------------------------------------
---------------------------------------------------------------------------------
Finished RTL Optimization Phase 1 : Time (s): cpu = 00:00:07 ; elapsed = 00:00:08 . Memory (MB): peak = 1017.320 ; gain = 0.000
---------------------------------------------------------------------------------
Netlist sorting complete. Time (s): cpu = 00:00:00 ; elapsed = 00:00:00.078 . Memory (MB): peak = 1017.320 ; gain = 0.000
INFO: [Project 1-570] Preparing netlist for logic optimization

Processing XDC Constraints
Initializing timing engine
Parsing XDC File [C:/Users/Administrator/Desktop/project_task_b/project_task_b.srcs/constrs_1/new/TopLevelProcessor.xdc]
Finished Parsing XDC File [C:/Users/Administrator/Desktop/project_task_b/project_task_b.srcs/constrs_1/new/TopLevelProcessor.xdc]
INFO: [Project 1-236] Implementation specific constraints were found while reading constraint file [C:/Users/Administrator/Desktop/project_task_b/project_task_b.srcs/constrs_1/new/TopLevelProcessor.xdc]. These constraints will be ignored for synthesis but will be used in implementation. Impacted constraints are listed in the file [.Xil/TopLevelProcessor_propImpl.xdc].
Resolution: To avoid this warning, move constraints listed in [.Xil/TopLevelProcessor_propImpl.xdc] to another XDC file and exclude this new file from synthesis with the used_in_synthesis property (File Properties dialog in GUI) and re-run elaboration/synthesis.
Completed Processing XDC Constraints

Netlist sorting complete. Time (s): cpu = 00:00:00 ; elapsed = 00:00:00.001 . Memory (MB): peak = 1043.629 ; gain = 0.000
INFO: [Project 1-111] Unisim Transformation Summary:
No Unisim elements were transformed.

Constraint Validation Runtime : Time (s): cpu = 00:00:00 ; elapsed = 00:00:00.016 . Memory (MB): peak = 1043.629 ; gain = 0.000
---------------------------------------------------------------------------------
Finished Constraint Validation : Time (s): cpu = 00:00:15 ; elapsed = 00:00:17 . Memory (MB): peak = 1043.629 ; gain = 26.309
---------------------------------------------------------------------------------
---------------------------------------------------------------------------------
Start Loading Part and Timing Information
---------------------------------------------------------------------------------
Loading part: xc7a35tcpg236-1
---------------------------------------------------------------------------------
Finished Loading Part and Timing Information : Time (s): cpu = 00:00:15 ; elapsed = 00:00:17 . Memory (MB): peak = 1043.629 ; gain = 26.309
---------------------------------------------------------------------------------
---------------------------------------------------------------------------------
Start Applying 'set_property' XDC Constraints
---------------------------------------------------------------------------------
---------------------------------------------------------------------------------
Finished applying 'set_property' XDC Constraints : Time (s): cpu = 00:00:15 ; elapsed = 00:00:17 . Memory (MB): peak = 1043.629 ; gain = 26.309
---------------------------------------------------------------------------------
---------------------------------------------------------------------------------
Finished RTL Optimization Phase 2 : Time (s): cpu = 00:00:17 ; elapsed = 00:00:19 . Memory (MB): peak = 1043.629 ; gain = 26.309
---------------------------------------------------------------------------------
---------------------------------------------------------------------------------
Start RTL Component Statistics 
---------------------------------------------------------------------------------
Detailed RTL Component Info : 
+---Adders : 
	   2 Input   32 Bit       Adders := 3     
	   3 Input   32 Bit       Adders := 1     
	   2 Input    2 Bit       Adders := 1     
+---XORs : 
	   2 Input     32 Bit         XORs := 1     
+---Registers : 
	               32 Bit    Registers := 33    
	                2 Bit    Registers := 1     
	                1 Bit    Registers := 1     
+---Muxes : 
	  12 Input   32 Bit        Muxes := 1     
	   6 Input   32 Bit        Muxes := 1     
	   2 Input   32 Bit        Muxes := 40    
	  33 Input   32 Bit        Muxes := 2     
	   4 Input    4 Bit        Muxes := 2     
	   6 Input    3 Bit        Muxes := 2     
	   5 Input    2 Bit        Muxes := 1     
	   5 Input    1 Bit        Muxes := 3     
	   2 Input    1 Bit        Muxes := 2     
---------------------------------------------------------------------------------
Finished RTL Component Statistics 
---------------------------------------------------------------------------------
---------------------------------------------------------------------------------
Start Part Resource Summary
---------------------------------------------------------------------------------
Part Resources:
DSPs: 90 (col length:60)
BRAMs: 100 (col length: RAMB18 60 RAMB36 30)
---------------------------------------------------------------------------------
Finished Part Resource Summary
---------------------------------------------------------------------------------
---------------------------------------------------------------------------------
Start Cross Boundary and Area Optimization
---------------------------------------------------------------------------------
---------------------------------------------------------------------------------
Finished Cross Boundary and Area Optimization : Time (s): cpu = 00:00:23 ; elapsed = 00:00:26 . Memory (MB): peak = 1043.629 ; gain = 26.309
---------------------------------------------------------------------------------
---------------------------------------------------------------------------------
Start Applying XDC Timing Constraints
---------------------------------------------------------------------------------
---------------------------------------------------------------------------------
Finished Applying XDC Timing Constraints : Time (s): cpu = 00:00:31 ; elapsed = 00:00:34 . Memory (MB): peak = 1043.629 ; gain = 26.309
---------------------------------------------------------------------------------
---------------------------------------------------------------------------------
Start Timing Optimization
---------------------------------------------------------------------------------
---------------------------------------------------------------------------------
Finished Timing Optimization : Time (s): cpu = 00:00:31 ; elapsed = 00:00:34 . Memory (MB): peak = 1045.992 ; gain = 28.672
---------------------------------------------------------------------------------
---------------------------------------------------------------------------------
Start Technology Mapping
---------------------------------------------------------------------------------
---------------------------------------------------------------------------------
Finished Technology Mapping : Time (s): cpu = 00:00:31 ; elapsed = 00:00:35 . Memory (MB): peak = 1057.348 ; gain = 40.027
---------------------------------------------------------------------------------
---------------------------------------------------------------------------------
Start IO Insertion
---------------------------------------------------------------------------------
---------------------------------------------------------------------------------
Start Flattening Before IO Insertion
---------------------------------------------------------------------------------
---------------------------------------------------------------------------------
Finished Flattening Before IO Insertion
---------------------------------------------------------------------------------
---------------------------------------------------------------------------------
Start Final Netlist Cleanup
---------------------------------------------------------------------------------
---------------------------------------------------------------------------------
Finished Final Netlist Cleanup
---------------------------------------------------------------------------------
---------------------------------------------------------------------------------
Finished IO Insertion : Time (s): cpu = 00:00:35 ; elapsed = 00:00:38 . Memory (MB): peak = 1063.426 ; gain = 46.105
---------------------------------------------------------------------------------
---------------------------------------------------------------------------------
Start Renaming Generated Instances
---------------------------------------------------------------------------------
---------------------------------------------------------------------------------
Finished Renaming Generated Instances : Time (s): cpu = 00:00:35 ; elapsed = 00:00:38 . Memory (MB): peak = 1063.426 ; gain = 46.105
---------------------------------------------------------------------------------
---------------------------------------------------------------------------------
Start Rebuilding User Hierarchy
---------------------------------------------------------------------------------
---------------------------------------------------------------------------------
Finished Rebuilding User Hierarchy : Time (s): cpu = 00:00:35 ; elapsed = 00:00:39 . Memory (MB): peak = 1063.426 ; gain = 46.105
---------------------------------------------------------------------------------
---------------------------------------------------------------------------------
Start Renaming Generated Ports
---------------------------------------------------------------------------------
---------------------------------------------------------------------------------
Finished Renaming Generated Ports : Time (s): cpu = 00:00:35 ; elapsed = 00:00:39 . Memory (MB): peak = 1063.426 ; gain = 46.105
---------------------------------------------------------------------------------
---------------------------------------------------------------------------------
Start Handling Custom Attributes
---------------------------------------------------------------------------------
---------------------------------------------------------------------------------
Finished Handling Custom Attributes : Time (s): cpu = 00:00:35 ; elapsed = 00:00:39 . Memory (MB): peak = 1063.426 ; gain = 46.105
---------------------------------------------------------------------------------
---------------------------------------------------------------------------------
Start Renaming Generated Nets
---------------------------------------------------------------------------------
---------------------------------------------------------------------------------
Finished Renaming Generated Nets : Time (s): cpu = 00:00:35 ; elapsed = 00:00:39 . Memory (MB): peak = 1063.426 ; gain = 46.105
---------------------------------------------------------------------------------
---------------------------------------------------------------------------------
Start Writing Synthesis Report
---------------------------------------------------------------------------------

Report BlackBoxes: 
+-+--------------+----------+
| |BlackBox name |Instances |
+-+--------------+----------+
+-+--------------+----------+

Report Cell Usage: 
+------+-------+------+
|      |Cell   |Count |
+------+-------+------+
|1     |BUFG   |     2|
|2     |CARRY4 |    47|
|3     |LUT1   |    27|
|4     |LUT2   |    27|
|5     |LUT3   |     5|
|6     |LUT4   |    47|
|7     |LUT5   |    70|
|8     |LUT6   |   352|
|9     |MUXF7  |    47|
|10    |MUXF8  |     4|
|11    |FDCE   |  1055|
|12    |FDRE   |    45|
|13    |IBUF   |     2|
|14    |OBUF   |    27|
+------+-------+------+
---------------------------------------------------------------------------------
Finished Writing Synthesis Report : Time (s): cpu = 00:00:35 ; elapsed = 00:00:39 . Memory (MB): peak = 1063.426 ; gain = 46.105
---------------------------------------------------------------------------------
Synthesis finished with 0 errors, 0 critical warnings and 0 warnings.
Synthesis Optimization Runtime : Time (s): cpu = 00:00:25 ; elapsed = 00:00:35 . Memory (MB): peak = 1063.426 ; gain = 19.797
Synthesis Optimization Complete : Time (s): cpu = 00:00:35 ; elapsed = 00:00:39 . Memory (MB): peak = 1063.426 ; gain = 46.105
INFO: [Project 1-571] Translating synthesized netlist
Netlist sorting complete. Time (s): cpu = 00:00:00 ; elapsed = 00:00:00.031 . Memory (MB): peak = 1063.426 ; gain = 0.000
INFO: [Netlist 29-17] Analyzing 98 Unisim elements for replacement
INFO: [Netlist 29-28] Unisim Transformation completed in 0 CPU seconds
INFO: [Project 1-570] Preparing netlist for logic optimization
INFO: [Opt 31-138] Pushed 0 inverter(s) to 0 load pin(s).
Netlist sorting complete. Time (s): cpu = 00:00:00 ; elapsed = 00:00:00 . Memory (MB): peak = 1063.426 ; gain = 0.000
INFO: [Project 1-111] Unisim Transformation Summary:
No Unisim elements were transformed.

INFO: [Common 17-83] Releasing license: Synthesis
46 Infos, 0 Warnings, 0 Critical Warnings and 0 Errors encountered.
synth_design completed successfully
synth_design: Time (s): cpu = 00:00:42 ; elapsed = 00:00:58 . Memory (MB): peak = 1063.426 ; gain = 46.105
INFO: [Common 17-1381] The checkpoint 'C:/Users/Administrator/Desktop/project_task_b/project_task_b.runs/synth_1/TopLevelProcessor.dcp' has been generated.
INFO: [runtcl-4] Executing : report_utilization -file TopLevelProcessor_utilization_synth.rpt -pb TopLevelProcessor_utilization_synth.pb
INFO: [Common 17-206] Exiting Vivado at Thu Apr 30 07:33:13 2026...

*** Running vivado
    with args -log TopLevelProcessor.vds -m64 -product Vivado -mode batch -messageDb vivado.pb -notrace -source TopLevelProcessor.tcl



****** Vivado v2020.1 (64-bit)
  **** SW Build 2902540 on Wed May 27 19:54:49 MDT 2020
  **** IP Build 2902112 on Wed May 27 22:43:36 MDT 2020
    ** Copyright 1986-2020 Xilinx, Inc. All Rights Reserved.

source TopLevelProcessor.tcl -notrace
Command: synth_design -top TopLevelProcessor -part xc7a35tcpg236-1
Starting synth_design
Attempting to get a license for feature 'Synthesis' and/or device 'xc7a35t'
INFO: [Common 17-349] Got license for feature 'Synthesis' and/or device 'xc7a35t'
INFO: [Device 21-403] Loading part xc7a35tcpg236-1
INFO: [Synth 8-7079] Multithreading enabled for synth_design using a maximum of 2 processes.
INFO: [Synth 8-7078] Launching helper process for spawning children vivado processes
INFO: [Synth 8-7075] Helper process launched with PID 19624
---------------------------------------------------------------------------------
Starting RTL Elaboration : Time (s): cpu = 00:00:07 ; elapsed = 00:00:07 . Memory (MB): peak = 1025.246 ; gain = 0.000
---------------------------------------------------------------------------------
INFO: [Synth 8-6157] synthesizing module 'TopLevelProcessor' [C:/Users/Administrator/Downloads/project_taskbworking/project_taskbworking/project_taskbworking.srcs/sources_1/new/TopLevelProcessor.v:307]
INFO: [Synth 8-6157] synthesizing module 'clk_divider' [C:/Users/Administrator/Downloads/project_taskbworking/project_taskbworking/project_taskbworking.srcs/sources_1/new/clk_divider.v:3]
INFO: [Synth 8-6155] done synthesizing module 'clk_divider' (1#1) [C:/Users/Administrator/Downloads/project_taskbworking/project_taskbworking/project_taskbworking.srcs/sources_1/new/clk_divider.v:3]
INFO: [Synth 8-6157] synthesizing module 'ProgramCounter' [C:/Users/Administrator/Downloads/project_taskbworking/project_taskbworking/project_taskbworking.srcs/sources_1/new/ProgramCounter.v:2]
INFO: [Synth 8-6155] done synthesizing module 'ProgramCounter' (2#1) [C:/Users/Administrator/Downloads/project_taskbworking/project_taskbworking/project_taskbworking.srcs/sources_1/new/ProgramCounter.v:2]
INFO: [Synth 8-6157] synthesizing module 'pcAdder' [C:/Users/Administrator/Downloads/project_taskbworking/project_taskbworking/project_taskbworking.srcs/sources_1/new/pcAdder.v:3]
INFO: [Synth 8-6155] done synthesizing module 'pcAdder' (3#1) [C:/Users/Administrator/Downloads/project_taskbworking/project_taskbworking/project_taskbworking.srcs/sources_1/new/pcAdder.v:3]
INFO: [Synth 8-6157] synthesizing module 'instructionMemory' [C:/Users/Administrator/Downloads/project_taskbworking/project_taskbworking/project_taskbworking.srcs/sources_1/new/instructionMemory.v:3]
INFO: [Synth 8-3876] $readmem data file 'prog.mem' is read successfully [C:/Users/Administrator/Downloads/project_taskbworking/project_taskbworking/project_taskbworking.srcs/sources_1/new/instructionMemory.v:12]
INFO: [Synth 8-6155] done synthesizing module 'instructionMemory' (4#1) [C:/Users/Administrator/Downloads/project_taskbworking/project_taskbworking/project_taskbworking.srcs/sources_1/new/instructionMemory.v:3]
INFO: [Synth 8-6157] synthesizing module 'control_top' [C:/Users/Administrator/Downloads/project_taskbworking/project_taskbworking/project_taskbworking.srcs/sources_1/new/control_top.v:3]
INFO: [Synth 8-6157] synthesizing module 'MainControl' [C:/Users/Administrator/Downloads/project_taskbworking/project_taskbworking/project_taskbworking.srcs/sources_1/new/MainControl.v:158]
INFO: [Synth 8-155] case statement is not full and has no default [C:/Users/Administrator/Downloads/project_taskbworking/project_taskbworking/project_taskbworking.srcs/sources_1/new/MainControl.v:178]
INFO: [Synth 8-6155] done synthesizing module 'MainControl' (5#1) [C:/Users/Administrator/Downloads/project_taskbworking/project_taskbworking/project_taskbworking.srcs/sources_1/new/MainControl.v:158]
INFO: [Synth 8-6157] synthesizing module 'ALUControl' [C:/Users/Administrator/Downloads/project_taskbworking/project_taskbworking/project_taskbworking.srcs/sources_1/new/ALUControl.v:84]
INFO: [Synth 8-6155] done synthesizing module 'ALUControl' (6#1) [C:/Users/Administrator/Downloads/project_taskbworking/project_taskbworking/project_taskbworking.srcs/sources_1/new/ALUControl.v:84]
INFO: [Synth 8-6155] done synthesizing module 'control_top' (7#1) [C:/Users/Administrator/Downloads/project_taskbworking/project_taskbworking/project_taskbworking.srcs/sources_1/new/control_top.v:3]
INFO: [Synth 8-6157] synthesizing module 'immGen' [C:/Users/Administrator/Downloads/project_taskbworking/project_taskbworking/project_taskbworking.srcs/sources_1/new/immGen.v:2]
INFO: [Synth 8-6155] done synthesizing module 'immGen' (8#1) [C:/Users/Administrator/Downloads/project_taskbworking/project_taskbworking/project_taskbworking.srcs/sources_1/new/immGen.v:2]
INFO: [Synth 8-6157] synthesizing module 'RegisterFile' [C:/Users/Administrator/Downloads/project_taskbworking/project_taskbworking/project_taskbworking.srcs/sources_1/new/RegisterFile.v:43]
INFO: [Synth 8-6155] done synthesizing module 'RegisterFile' (9#1) [C:/Users/Administrator/Downloads/project_taskbworking/project_taskbworking/project_taskbworking.srcs/sources_1/new/RegisterFile.v:43]
INFO: [Synth 8-6157] synthesizing module 'mux2' [C:/Users/Administrator/Downloads/project_taskbworking/project_taskbworking/project_taskbworking.srcs/sources_1/new/mux2.v:3]
INFO: [Synth 8-6155] done synthesizing module 'mux2' (10#1) [C:/Users/Administrator/Downloads/project_taskbworking/project_taskbworking/project_taskbworking.srcs/sources_1/new/mux2.v:3]
INFO: [Synth 8-6157] synthesizing module 'ALU' [C:/Users/Administrator/Downloads/project_taskbworking/project_taskbworking/project_taskbworking.srcs/sources_1/new/ALU.v:38]
INFO: [Synth 8-6155] done synthesizing module 'ALU' (11#1) [C:/Users/Administrator/Downloads/project_taskbworking/project_taskbworking/project_taskbworking.srcs/sources_1/new/ALU.v:38]
INFO: [Synth 8-6157] synthesizing module 'branchAdder' [C:/Users/Administrator/Downloads/project_taskbworking/project_taskbworking/project_taskbworking.srcs/sources_1/new/branchAdder.v:3]
INFO: [Synth 8-6155] done synthesizing module 'branchAdder' (12#1) [C:/Users/Administrator/Downloads/project_taskbworking/project_taskbworking/project_taskbworking.srcs/sources_1/new/branchAdder.v:3]
INFO: [Synth 8-6085] Hierarchical reference on 'regs' stops possible memory inference [C:/Users/Administrator/Downloads/project_taskbworking/project_taskbworking/project_taskbworking.srcs/sources_1/new/RegisterFile.v:55]
INFO: [Synth 8-6157] synthesizing module 'sevenSegDriver' [C:/Users/Administrator/Downloads/project_taskbworking/project_taskbworking/project_taskbworking.srcs/sources_1/new/sevenSegDriver.v:2]
INFO: [Synth 8-6155] done synthesizing module 'sevenSegDriver' (13#1) [C:/Users/Administrator/Downloads/project_taskbworking/project_taskbworking/project_taskbworking.srcs/sources_1/new/sevenSegDriver.v:2]
INFO: [Synth 8-6155] done synthesizing module 'TopLevelProcessor' (14#1) [C:/Users/Administrator/Downloads/project_taskbworking/project_taskbworking/project_taskbworking.srcs/sources_1/new/TopLevelProcessor.v:307]
---------------------------------------------------------------------------------
Finished RTL Elaboration : Time (s): cpu = 00:00:09 ; elapsed = 00:00:09 . Memory (MB): peak = 1025.246 ; gain = 0.000
---------------------------------------------------------------------------------
---------------------------------------------------------------------------------
Start Handling Custom Attributes
---------------------------------------------------------------------------------
---------------------------------------------------------------------------------
Finished Handling Custom Attributes : Time (s): cpu = 00:00:09 ; elapsed = 00:00:10 . Memory (MB): peak = 1025.246 ; gain = 0.000
---------------------------------------------------------------------------------
---------------------------------------------------------------------------------
Finished RTL Optimization Phase 1 : Time (s): cpu = 00:00:09 ; elapsed = 00:00:10 . Memory (MB): peak = 1025.246 ; gain = 0.000
---------------------------------------------------------------------------------
Netlist sorting complete. Time (s): cpu = 00:00:00 ; elapsed = 00:00:00.021 . Memory (MB): peak = 1025.246 ; gain = 0.000
INFO: [Project 1-570] Preparing netlist for logic optimization

Processing XDC Constraints
Initializing timing engine
Parsing XDC File [C:/Users/Administrator/Downloads/project_taskbworking/project_taskbworking/project_taskbworking.srcs/constrs_1/new/TopLevelProcessor.xdc]
Finished Parsing XDC File [C:/Users/Administrator/Downloads/project_taskbworking/project_taskbworking/project_taskbworking.srcs/constrs_1/new/TopLevelProcessor.xdc]
INFO: [Project 1-236] Implementation specific constraints were found while reading constraint file [C:/Users/Administrator/Downloads/project_taskbworking/project_taskbworking/project_taskbworking.srcs/constrs_1/new/TopLevelProcessor.xdc]. These constraints will be ignored for synthesis but will be used in implementation. Impacted constraints are listed in the file [.Xil/TopLevelProcessor_propImpl.xdc].
Resolution: To avoid this warning, move constraints listed in [.Xil/TopLevelProcessor_propImpl.xdc] to another XDC file and exclude this new file from synthesis with the used_in_synthesis property (File Properties dialog in GUI) and re-run elaboration/synthesis.
Completed Processing XDC Constraints

Netlist sorting complete. Time (s): cpu = 00:00:00 ; elapsed = 00:00:00 . Memory (MB): peak = 1041.789 ; gain = 0.000
INFO: [Project 1-111] Unisim Transformation Summary:
No Unisim elements were transformed.

Constraint Validation Runtime : Time (s): cpu = 00:00:00 ; elapsed = 00:00:00.012 . Memory (MB): peak = 1041.789 ; gain = 0.000
---------------------------------------------------------------------------------
Finished Constraint Validation : Time (s): cpu = 00:00:17 ; elapsed = 00:00:19 . Memory (MB): peak = 1041.789 ; gain = 16.543
---------------------------------------------------------------------------------
---------------------------------------------------------------------------------
Start Loading Part and Timing Information
---------------------------------------------------------------------------------
Loading part: xc7a35tcpg236-1
---------------------------------------------------------------------------------
Finished Loading Part and Timing Information : Time (s): cpu = 00:00:17 ; elapsed = 00:00:19 . Memory (MB): peak = 1041.789 ; gain = 16.543
---------------------------------------------------------------------------------
---------------------------------------------------------------------------------
Start Applying 'set_property' XDC Constraints
---------------------------------------------------------------------------------
---------------------------------------------------------------------------------
Finished applying 'set_property' XDC Constraints : Time (s): cpu = 00:00:17 ; elapsed = 00:00:19 . Memory (MB): peak = 1041.789 ; gain = 16.543
---------------------------------------------------------------------------------
---------------------------------------------------------------------------------
Finished RTL Optimization Phase 2 : Time (s): cpu = 00:00:19 ; elapsed = 00:00:20 . Memory (MB): peak = 1041.789 ; gain = 16.543
---------------------------------------------------------------------------------
---------------------------------------------------------------------------------
Start RTL Component Statistics 
---------------------------------------------------------------------------------
Detailed RTL Component Info : 
+---Adders : 
	   2 Input   32 Bit       Adders := 3     
	   3 Input   32 Bit       Adders := 1     
	   2 Input    2 Bit       Adders := 1     
+---XORs : 
	   2 Input     32 Bit         XORs := 1     
+---Registers : 
	               32 Bit    Registers := 33    
	                2 Bit    Registers := 1     
	                1 Bit    Registers := 1     
+---Muxes : 
	  12 Input   32 Bit        Muxes := 1     
	   6 Input   32 Bit        Muxes := 1     
	   2 Input   32 Bit        Muxes := 40    
	  33 Input   32 Bit        Muxes := 2     
	   4 Input    4 Bit        Muxes := 2     
	   6 Input    3 Bit        Muxes := 2     
	   5 Input    2 Bit        Muxes := 1     
	   5 Input    1 Bit        Muxes := 3     
	   2 Input    1 Bit        Muxes := 2     
---------------------------------------------------------------------------------
Finished RTL Component Statistics 
---------------------------------------------------------------------------------
---------------------------------------------------------------------------------
Start Part Resource Summary
---------------------------------------------------------------------------------
Part Resources:
DSPs: 90 (col length:60)
BRAMs: 100 (col length: RAMB18 60 RAMB36 30)
---------------------------------------------------------------------------------
Finished Part Resource Summary
---------------------------------------------------------------------------------
---------------------------------------------------------------------------------
Start Cross Boundary and Area Optimization
---------------------------------------------------------------------------------
---------------------------------------------------------------------------------
Finished Cross Boundary and Area Optimization : Time (s): cpu = 00:00:25 ; elapsed = 00:00:27 . Memory (MB): peak = 1041.789 ; gain = 16.543
---------------------------------------------------------------------------------
---------------------------------------------------------------------------------
Start Applying XDC Timing Constraints
---------------------------------------------------------------------------------
---------------------------------------------------------------------------------
Finished Applying XDC Timing Constraints : Time (s): cpu = 00:00:33 ; elapsed = 00:00:35 . Memory (MB): peak = 1041.789 ; gain = 16.543
---------------------------------------------------------------------------------
---------------------------------------------------------------------------------
Start Timing Optimization
---------------------------------------------------------------------------------
---------------------------------------------------------------------------------
Finished Timing Optimization : Time (s): cpu = 00:00:33 ; elapsed = 00:00:35 . Memory (MB): peak = 1044.383 ; gain = 19.137
---------------------------------------------------------------------------------
---------------------------------------------------------------------------------
Start Technology Mapping
---------------------------------------------------------------------------------
---------------------------------------------------------------------------------
Finished Technology Mapping : Time (s): cpu = 00:00:33 ; elapsed = 00:00:35 . Memory (MB): peak = 1056.648 ; gain = 31.402
---------------------------------------------------------------------------------
---------------------------------------------------------------------------------
Start IO Insertion
---------------------------------------------------------------------------------
---------------------------------------------------------------------------------
Start Flattening Before IO Insertion
---------------------------------------------------------------------------------
---------------------------------------------------------------------------------
Finished Flattening Before IO Insertion
---------------------------------------------------------------------------------
---------------------------------------------------------------------------------
Start Final Netlist Cleanup
---------------------------------------------------------------------------------
---------------------------------------------------------------------------------
Finished Final Netlist Cleanup
---------------------------------------------------------------------------------
---------------------------------------------------------------------------------
Finished IO Insertion : Time (s): cpu = 00:00:37 ; elapsed = 00:00:39 . Memory (MB): peak = 1061.719 ; gain = 36.473
---------------------------------------------------------------------------------
---------------------------------------------------------------------------------
Start Renaming Generated Instances
---------------------------------------------------------------------------------
---------------------------------------------------------------------------------
Finished Renaming Generated Instances : Time (s): cpu = 00:00:37 ; elapsed = 00:00:39 . Memory (MB): peak = 1061.719 ; gain = 36.473
---------------------------------------------------------------------------------
---------------------------------------------------------------------------------
Start Rebuilding User Hierarchy
---------------------------------------------------------------------------------
---------------------------------------------------------------------------------
Finished Rebuilding User Hierarchy : Time (s): cpu = 00:00:37 ; elapsed = 00:00:39 . Memory (MB): peak = 1061.719 ; gain = 36.473
---------------------------------------------------------------------------------
---------------------------------------------------------------------------------
Start Renaming Generated Ports
---------------------------------------------------------------------------------
---------------------------------------------------------------------------------
Finished Renaming Generated Ports : Time (s): cpu = 00:00:37 ; elapsed = 00:00:39 . Memory (MB): peak = 1061.719 ; gain = 36.473
---------------------------------------------------------------------------------
---------------------------------------------------------------------------------
Start Handling Custom Attributes
---------------------------------------------------------------------------------
---------------------------------------------------------------------------------
Finished Handling Custom Attributes : Time (s): cpu = 00:00:37 ; elapsed = 00:00:39 . Memory (MB): peak = 1061.719 ; gain = 36.473
---------------------------------------------------------------------------------
---------------------------------------------------------------------------------
Start Renaming Generated Nets
---------------------------------------------------------------------------------
---------------------------------------------------------------------------------
Finished Renaming Generated Nets : Time (s): cpu = 00:00:37 ; elapsed = 00:00:39 . Memory (MB): peak = 1061.719 ; gain = 36.473
---------------------------------------------------------------------------------
---------------------------------------------------------------------------------
Start Writing Synthesis Report
---------------------------------------------------------------------------------

Report BlackBoxes: 
+-+--------------+----------+
| |BlackBox name |Instances |
+-+--------------+----------+
+-+--------------+----------+

Report Cell Usage: 
+------+-------+------+
|      |Cell   |Count |
+------+-------+------+
|1     |BUFG   |     2|
|2     |CARRY4 |    47|
|3     |LUT1   |    27|
|4     |LUT2   |    27|
|5     |LUT3   |     5|
|6     |LUT4   |    47|
|7     |LUT5   |    70|
|8     |LUT6   |   352|
|9     |MUXF7  |    47|
|10    |MUXF8  |     4|
|11    |FDCE   |  1055|
|12    |FDRE   |    45|
|13    |IBUF   |     2|
|14    |OBUF   |    27|
+------+-------+------+
---------------------------------------------------------------------------------
Finished Writing Synthesis Report : Time (s): cpu = 00:00:37 ; elapsed = 00:00:39 . Memory (MB): peak = 1061.719 ; gain = 36.473
---------------------------------------------------------------------------------
Synthesis finished with 0 errors, 0 critical warnings and 0 warnings.
Synthesis Optimization Runtime : Time (s): cpu = 00:00:26 ; elapsed = 00:00:37 . Memory (MB): peak = 1061.719 ; gain = 19.930
Synthesis Optimization Complete : Time (s): cpu = 00:00:37 ; elapsed = 00:00:40 . Memory (MB): peak = 1061.719 ; gain = 36.473
INFO: [Project 1-571] Translating synthesized netlist
Netlist sorting complete. Time (s): cpu = 00:00:00 ; elapsed = 00:00:00.019 . Memory (MB): peak = 1061.719 ; gain = 0.000
INFO: [Netlist 29-17] Analyzing 98 Unisim elements for replacement
INFO: [Netlist 29-28] Unisim Transformation completed in 0 CPU seconds
INFO: [Project 1-570] Preparing netlist for logic optimization
INFO: [Opt 31-138] Pushed 0 inverter(s) to 0 load pin(s).
Netlist sorting complete. Time (s): cpu = 00:00:00 ; elapsed = 00:00:00.001 . Memory (MB): peak = 1061.719 ; gain = 0.000
INFO: [Project 1-111] Unisim Transformation Summary:
No Unisim elements were transformed.

INFO: [Common 17-83] Releasing license: Synthesis
46 Infos, 0 Warnings, 0 Critical Warnings and 0 Errors encountered.
synth_design completed successfully
synth_design: Time (s): cpu = 00:00:43 ; elapsed = 00:00:47 . Memory (MB): peak = 1061.719 ; gain = 36.473
INFO: [Common 17-1381] The checkpoint 'C:/Users/Administrator/Downloads/project_taskbworking/project_taskbworking/project_taskbworking.runs/synth_1/TopLevelProcessor.dcp' has been generated.
INFO: [runtcl-4] Executing : report_utilization -file TopLevelProcessor_utilization_synth.rpt -pb TopLevelProcessor_utilization_synth.pb
INFO: [Common 17-206] Exiting Vivado at Thu Apr 30 08:36:53 2026...
