#-----------------------------------------------------------
# Vivado v2020.1 (64-bit)
# SW Build 2902540 on Wed May 27 19:54:49 MDT 2020
# IP Build 2902112 on Wed May 27 22:43:36 MDT 2020
# Start of session at: Mon Apr 27 01:09:48 2026
# Process ID: 12984
# Current directory: C:/Users/Administrator/Desktop/CAlab/CAlabs-Git-SarahnZainab/Project/CAprojTaskA
# Command line: vivado.exe -gui_launcher_event rodinguilauncherevent1628 C:\Users\Administrator\Desktop\CAlab\CAlabs-Git-SarahnZainab\Project\CAprojTaskA\CAProjTaskA.xpr
# Log file: C:/Users/Administrator/Desktop/CAlab/CAlabs-Git-SarahnZainab/Project/CAprojTaskA/vivado.log
# Journal file: C:/Users/Administrator/Desktop/CAlab/CAlabs-Git-SarahnZainab/Project/CAprojTaskA\vivado.jou
#-----------------------------------------------------------
start_gui
open_project C:/Users/Administrator/Desktop/CAlab/CAlabs-Git-SarahnZainab/Project/CAprojTaskA/CAProjTaskA.xpr
Scanning sources...
Finished scanning sources
INFO: [IP_Flow 19-234] Refreshing IP repositories
INFO: [IP_Flow 19-1704] No user IP repositories specified
INFO: [IP_Flow 19-2313] Loaded Vivado IP repository 'C:/Xilinx/Vivado/2020.1/data/ip'.
open_project: Time (s): cpu = 00:00:26 ; elapsed = 00:00:10 . Memory (MB): peak = 1027.730 ; gain = 0.000
update_compile_order -fileset sources_1
exit
INFO: [Common 17-206] Exiting Vivado at Mon Apr 27 01:10:36 2026...
