Copyright 1986-2020 Xilinx, Inc. All Rights Reserved.
----------------------------------------------------------------------------------------------
| Tool Version : Vivado v.2020.1 (win64) Build 2902540 Wed May 27 19:54:49 MDT 2020
| Date         : Thu Apr 30 09:43:58 2026
| Host         : DESKTOP-IVHRL9V running 64-bit major release  (build 9200)
| Command      : report_control_sets -verbose -file TopLevelProcessor_control_sets_placed.rpt
| Design       : TopLevelProcessor
| Device       : xc7a35t
----------------------------------------------------------------------------------------------

Control Set Information

Table of Contents
-----------------
1. Summary
2. Histogram
3. Flip-Flop Distribution
4. Detailed Control Set Information

1. Summary
----------

+----------------------------------------------------------+-------+
|                          Status                          | Count |
+----------------------------------------------------------+-------+
| Total control sets                                       |    15 |
|    Minimum number of control sets                        |    15 |
|    Addition due to synthesis replication                 |     0 |
|    Addition due to physical synthesis replication        |     0 |
| Unused register locations in slices containing registers |     3 |
+----------------------------------------------------------+-------+
* Control sets can be merged at opt_design using control_set_merge or merge_equivalent_drivers
** Run report_qor_suggestions for automated merging and remapping suggestions


2. Histogram
------------

+--------------------+-------+
|       Fanout       | Count |
+--------------------+-------+
| Total control sets |    15 |
| >= 0 to < 4        |     0 |
| >= 4 to < 6        |     1 |
| >= 6 to < 8        |     0 |
| >= 8 to < 10       |     0 |
| >= 10 to < 12      |     0 |
| >= 12 to < 14      |     0 |
| >= 14 to < 16      |     0 |
| >= 16              |    14 |
+--------------------+-------+
* Control sets can be remapped at either synth_design or opt_design


3. Flip-Flop Distribution
-------------------------

+--------------+-----------------------+------------------------+-----------------+--------------+
| Clock Enable | Synchronous Set/Reset | Asynchronous Set/Reset | Total Registers | Total Slices |
+--------------+-----------------------+------------------------+-----------------+--------------+
| No           | No                    | No                     |               5 |            3 |
| No           | No                    | Yes                    |              32 |            8 |
| No           | Yes                   | No                     |              16 |            4 |
| Yes          | No                    | No                     |              32 |           11 |
| Yes          | No                    | Yes                    |             288 |          193 |
| Yes          | Yes                   | No                     |              16 |            7 |
+--------------+-----------------------+------------------------+-----------------+--------------+


4. Detailed Control Set Information
-----------------------------------

+----------------+-------------------------+------------------------+------------------+----------------+--------------+
|  Clock Signal  |      Enable Signal      |    Set/Reset Signal    | Slice Load Count | Bel Load Count | Bels / Slice |
+----------------+-------------------------+------------------------+------------------+----------------+--------------+
|  clk_IBUF_BUFG |                         |                        |                3 |              5 |         1.67 |
|  clk_IBUF_BUFG |                         | SSD/clkDiv[16]_i_1_n_0 |                4 |             16 |         4.00 |
|  clk_IBUF_BUFG | PC_Unit/pc_reg[6]_12[0] | reset_IBUF             |                7 |             16 |         2.29 |
|  clk_IBUF_BUFG |                         | reset_IBUF             |                8 |             32 |         4.00 |
|  clk_IBUF_BUFG | div/E[0]                |                        |               11 |             32 |         2.91 |
|  clk_IBUF_BUFG | PC_Unit/pc_reg[6]_7[0]  | reset_IBUF             |               20 |             32 |         1.60 |
|  clk_IBUF_BUFG | PC_Unit/pc_reg[3]_0[0]  | reset_IBUF             |               19 |             32 |         1.68 |
|  clk_IBUF_BUFG | PC_Unit/pc_reg[3]_1[0]  | reset_IBUF             |               18 |             32 |         1.78 |
|  clk_IBUF_BUFG | PC_Unit/pc_reg[6]_8[0]  | reset_IBUF             |               25 |             32 |         1.28 |
|  clk_IBUF_BUFG | PC_Unit/pc_reg[6]_9[0]  | reset_IBUF             |               21 |             32 |         1.52 |
|  clk_IBUF_BUFG | PC_Unit/pc_reg[6]_11[0] | reset_IBUF             |               23 |             32 |         1.39 |
|  clk_IBUF_BUFG | PC_Unit/pc_reg[6]_10[0] | reset_IBUF             |               22 |             32 |         1.45 |
|  clk_IBUF_BUFG | PC_Unit/E[0]            | reset_IBUF             |               25 |             32 |         1.28 |
|  clk_IBUF_BUFG | PC_Unit/pc_reg[2]_1[0]  | reset_IBUF             |               20 |             32 |         1.60 |
|  clk_IBUF_BUFG | PC_Unit/p_1_in          |                        |               32 |            128 |         4.00 |
+----------------+-------------------------+------------------------+------------------+----------------+--------------+


